{"/home/amr/Task-Manger-App/frontend/src/App.js": {"path":"/home/amr/Task-Manger-App/frontend/src/App.js","statementMap":{"0":{"start":{"line":26,"column":16},"end":{"line":26,"column":76}},"1":{"start":{"line":29,"column":28},"end":{"line":29,"column":40}},"2":{"start":{"line":30,"column":32},"end":{"line":30,"column":72}},"3":{"start":{"line":31,"column":40},"end":{"line":31,"column":54}},"4":{"start":{"line":32,"column":32},"end":{"line":32,"column":47}},"5":{"start":{"line":33,"column":28},"end":{"line":33,"column":42}},"6":{"start":{"line":34,"column":32},"end":{"line":34,"column":46}},"7":{"start":{"line":35,"column":50},"end":{"line":35,"column":65}},"8":{"start":{"line":36,"column":42},"end":{"line":36,"column":56}},"9":{"start":{"line":38,"column":2},"end":{"line":40,"column":9}},"10":{"start":{"line":39,"column":4},"end":{"line":39,"column":17}},"11":{"start":{"line":42,"column":21},"end":{"line":54,"column":3}},"12":{"start":{"line":43,"column":4},"end":{"line":43,"column":21}},"13":{"start":{"line":44,"column":4},"end":{"line":53,"column":5}},"14":{"start":{"line":45,"column":23},"end":{"line":45,"column":58}},"15":{"start":{"line":46,"column":6},"end":{"line":46,"column":30}},"16":{"start":{"line":47,"column":6},"end":{"line":47,"column":21}},"17":{"start":{"line":49,"column":6},"end":{"line":49,"column":65}},"18":{"start":{"line":50,"column":6},"end":{"line":50,"column":52}},"19":{"start":{"line":52,"column":6},"end":{"line":52,"column":24}},"20":{"start":{"line":56,"column":23},"end":{"line":76,"column":3}},"21":{"start":{"line":57,"column":4},"end":{"line":57,"column":23}},"22":{"start":{"line":58,"column":4},"end":{"line":58,"column":21}},"23":{"start":{"line":59,"column":4},"end":{"line":75,"column":5}},"24":{"start":{"line":60,"column":6},"end":{"line":66,"column":7}},"25":{"start":{"line":61,"column":8},"end":{"line":61,"column":71}},"26":{"start":{"line":62,"column":8},"end":{"line":62,"column":49}},"27":{"start":{"line":64,"column":8},"end":{"line":64,"column":54}},"28":{"start":{"line":65,"column":8},"end":{"line":65,"column":49}},"29":{"start":{"line":67,"column":6},"end":{"line":67,"column":49}},"30":{"start":{"line":68,"column":6},"end":{"line":68,"column":27}},"31":{"start":{"line":69,"column":6},"end":{"line":69,"column":19}},"32":{"start":{"line":71,"column":6},"end":{"line":71,"column":88}},"33":{"start":{"line":72,"column":6},"end":{"line":72,"column":49}},"34":{"start":{"line":74,"column":6},"end":{"line":74,"column":24}},"35":{"start":{"line":78,"column":28},"end":{"line":81,"column":3}},"36":{"start":{"line":79,"column":4},"end":{"line":79,"column":26}},"37":{"start":{"line":80,"column":4},"end":{"line":80,"column":30}},"38":{"start":{"line":83,"column":30},"end":{"line":99,"column":3}},"39":{"start":{"line":84,"column":4},"end":{"line":84,"column":30}},"40":{"start":{"line":84,"column":23},"end":{"line":84,"column":30}},"41":{"start":{"line":86,"column":4},"end":{"line":86,"column":21}},"42":{"start":{"line":87,"column":4},"end":{"line":98,"column":5}},"43":{"start":{"line":88,"column":6},"end":{"line":88,"column":64}},"44":{"start":{"line":89,"column":6},"end":{"line":89,"column":47}},"45":{"start":{"line":90,"column":6},"end":{"line":90,"column":19}},"46":{"start":{"line":92,"column":6},"end":{"line":92,"column":59}},"47":{"start":{"line":93,"column":6},"end":{"line":93,"column":51}},"48":{"start":{"line":95,"column":6},"end":{"line":95,"column":24}},"49":{"start":{"line":96,"column":6},"end":{"line":96,"column":33}},"50":{"start":{"line":97,"column":6},"end":{"line":97,"column":28}},"51":{"start":{"line":101,"column":21},"end":{"line":104,"column":3}},"52":{"start":{"line":102,"column":4},"end":{"line":102,"column":25}},"53":{"start":{"line":103,"column":4},"end":{"line":103,"column":69}},"54":{"start":{"line":106,"column":31},"end":{"line":120,"column":3}},"55":{"start":{"line":107,"column":4},"end":{"line":107,"column":21}},"56":{"start":{"line":108,"column":4},"end":{"line":119,"column":5}},"57":{"start":{"line":109,"column":6},"end":{"line":112,"column":9}},"58":{"start":{"line":113,"column":6},"end":{"line":113,"column":19}},"59":{"start":{"line":115,"column":6},"end":{"line":115,"column":59}},"60":{"start":{"line":116,"column":6},"end":{"line":116,"column":51}},"61":{"start":{"line":118,"column":6},"end":{"line":118,"column":24}},"62":{"start":{"line":122,"column":30},"end":{"line":125,"column":3}},"63":{"start":{"line":123,"column":4},"end":{"line":123,"column":19}},"64":{"start":{"line":124,"column":4},"end":{"line":124,"column":21}},"65":{"start":{"line":127,"column":2},"end":{"line":268,"column":4}},"66":{"start":{"line":139,"column":29},"end":{"line":139,"column":78}},"67":{"start":{"line":148,"column":29},"end":{"line":148,"column":84}},"68":{"start":{"line":169,"column":18},"end":{"line":169,"column":39}},"69":{"start":{"line":170,"column":18},"end":{"line":170,"column":61}},"70":{"start":{"line":188,"column":12},"end":{"line":233,"column":23}},"71":{"start":{"line":199,"column":32},"end":{"line":199,"column":58}},"72":{"start":{"line":220,"column":33},"end":{"line":220,"column":49}},"73":{"start":{"line":227,"column":33},"end":{"line":227,"column":56}},"74":{"start":{"line":254,"column":23},"end":{"line":254,"column":49}},"75":{"start":{"line":261,"column":33},"end":{"line":261,"column":59}}},"fnMap":{"0":{"name":"App","decl":{"start":{"line":28,"column":9},"end":{"line":28,"column":12}},"loc":{"start":{"line":28,"column":15},"end":{"line":269,"column":1}},"line":28},"1":{"name":"(anonymous_1)","decl":{"start":{"line":38,"column":12},"end":{"line":38,"column":13}},"loc":{"start":{"line":38,"column":18},"end":{"line":40,"column":3}},"line":38},"2":{"name":"(anonymous_2)","decl":{"start":{"line":42,"column":21},"end":{"line":42,"column":22}},"loc":{"start":{"line":42,"column":33},"end":{"line":54,"column":3}},"line":42},"3":{"name":"(anonymous_3)","decl":{"start":{"line":56,"column":23},"end":{"line":56,"column":24}},"loc":{"start":{"line":56,"column":36},"end":{"line":76,"column":3}},"line":56},"4":{"name":"(anonymous_4)","decl":{"start":{"line":78,"column":28},"end":{"line":78,"column":29}},"loc":{"start":{"line":78,"column":38},"end":{"line":81,"column":3}},"line":78},"5":{"name":"(anonymous_5)","decl":{"start":{"line":83,"column":30},"end":{"line":83,"column":31}},"loc":{"start":{"line":83,"column":42},"end":{"line":99,"column":3}},"line":83},"6":{"name":"(anonymous_6)","decl":{"start":{"line":101,"column":21},"end":{"line":101,"column":22}},"loc":{"start":{"line":101,"column":31},"end":{"line":104,"column":3}},"line":101},"7":{"name":"(anonymous_7)","decl":{"start":{"line":106,"column":31},"end":{"line":106,"column":32}},"loc":{"start":{"line":106,"column":47},"end":{"line":120,"column":3}},"line":106},"8":{"name":"(anonymous_8)","decl":{"start":{"line":122,"column":30},"end":{"line":122,"column":31}},"loc":{"start":{"line":122,"column":36},"end":{"line":125,"column":3}},"line":122},"9":{"name":"(anonymous_9)","decl":{"start":{"line":139,"column":22},"end":{"line":139,"column":23}},"loc":{"start":{"line":139,"column":29},"end":{"line":139,"column":78}},"line":139},"10":{"name":"(anonymous_10)","decl":{"start":{"line":148,"column":22},"end":{"line":148,"column":23}},"loc":{"start":{"line":148,"column":29},"end":{"line":148,"column":84}},"line":148},"11":{"name":"(anonymous_11)","decl":{"start":{"line":168,"column":25},"end":{"line":168,"column":26}},"loc":{"start":{"line":168,"column":31},"end":{"line":171,"column":17}},"line":168},"12":{"name":"(anonymous_12)","decl":{"start":{"line":187,"column":21},"end":{"line":187,"column":22}},"loc":{"start":{"line":188,"column":12},"end":{"line":233,"column":23}},"line":188},"13":{"name":"(anonymous_13)","decl":{"start":{"line":199,"column":26},"end":{"line":199,"column":27}},"loc":{"start":{"line":199,"column":32},"end":{"line":199,"column":58}},"line":199},"14":{"name":"(anonymous_14)","decl":{"start":{"line":220,"column":27},"end":{"line":220,"column":28}},"loc":{"start":{"line":220,"column":33},"end":{"line":220,"column":49}},"line":220},"15":{"name":"(anonymous_15)","decl":{"start":{"line":227,"column":27},"end":{"line":227,"column":28}},"loc":{"start":{"line":227,"column":33},"end":{"line":227,"column":56}},"line":227},"16":{"name":"(anonymous_16)","decl":{"start":{"line":254,"column":17},"end":{"line":254,"column":18}},"loc":{"start":{"line":254,"column":23},"end":{"line":254,"column":49}},"line":254},"17":{"name":"(anonymous_17)","decl":{"start":{"line":261,"column":27},"end":{"line":261,"column":28}},"loc":{"start":{"line":261,"column":33},"end":{"line":261,"column":59}},"line":261}},"branchMap":{"0":{"loc":{"start":{"line":26,"column":16},"end":{"line":26,"column":76}},"type":"binary-expr","locations":[{"start":{"line":26,"column":16},"end":{"line":26,"column":45}},{"start":{"line":26,"column":49},"end":{"line":26,"column":76}}],"line":26},"1":{"loc":{"start":{"line":60,"column":6},"end":{"line":66,"column":7}},"type":"if","locations":[{"start":{"line":60,"column":6},"end":{"line":66,"column":7}},{"start":{"line":63,"column":13},"end":{"line":66,"column":7}}],"line":60},"2":{"loc":{"start":{"line":71,"column":15},"end":{"line":71,"column":86}},"type":"binary-expr","locations":[{"start":{"line":71,"column":15},"end":{"line":71,"column":42}},{"start":{"line":71,"column":46},"end":{"line":71,"column":86}}],"line":71},"3":{"loc":{"start":{"line":84,"column":4},"end":{"line":84,"column":30}},"type":"if","locations":[{"start":{"line":84,"column":4},"end":{"line":84,"column":30}},{"start":{},"end":{}}],"line":84},"4":{"loc":{"start":{"line":162,"column":15},"end":{"line":162,"column":100}},"type":"cond-expr","locations":[{"start":{"line":162,"column":25},"end":{"line":162,"column":55}},{"start":{"line":162,"column":59},"end":{"line":162,"column":99}}],"line":162},"5":{"loc":{"start":{"line":162,"column":59},"end":{"line":162,"column":99}},"type":"cond-expr","locations":[{"start":{"line":162,"column":73},"end":{"line":162,"column":86}},{"start":{"line":162,"column":89},"end":{"line":162,"column":99}}],"line":162},"6":{"loc":{"start":{"line":164,"column":13},"end":{"line":176,"column":13}},"type":"binary-expr","locations":[{"start":{"line":164,"column":13},"end":{"line":164,"column":24}},{"start":{"line":165,"column":14},"end":{"line":175,"column":23}}],"line":164},"7":{"loc":{"start":{"line":181,"column":7},"end":{"line":236,"column":7}},"type":"cond-expr","locations":[{"start":{"line":182,"column":8},"end":{"line":184,"column":14}},{"start":{"line":186,"column":8},"end":{"line":235,"column":15}}],"line":181},"8":{"loc":{"start":{"line":181,"column":7},"end":{"line":181,"column":31}},"type":"binary-expr","locations":[{"start":{"line":181,"column":7},"end":{"line":181,"column":14}},{"start":{"line":181,"column":18},"end":{"line":181,"column":31}}],"line":181},"9":{"loc":{"start":{"line":214,"column":34},"end":{"line":214,"column":74}},"type":"cond-expr","locations":[{"start":{"line":214,"column":51},"end":{"line":214,"column":65}},{"start":{"line":214,"column":68},"end":{"line":214,"column":74}}],"line":214},"10":{"loc":{"start":{"line":239,"column":14},"end":{"line":239,"column":34}},"type":"binary-expr","locations":[{"start":{"line":239,"column":14},"end":{"line":239,"column":21}},{"start":{"line":239,"column":25},"end":{"line":239,"column":34}}],"line":239},"11":{"loc":{"start":{"line":245,"column":20},"end":{"line":245,"column":47}},"type":"cond-expr","locations":[{"start":{"line":245,"column":28},"end":{"line":245,"column":35}},{"start":{"line":245,"column":38},"end":{"line":245,"column":47}}],"line":245},"12":{"loc":{"start":{"line":248,"column":11},"end":{"line":248,"column":27}},"type":"binary-expr","locations":[{"start":{"line":248,"column":11},"end":{"line":248,"column":16}},{"start":{"line":248,"column":20},"end":{"line":248,"column":27}}],"line":248}},"s":{"0":0,"1":0,"2":0,"3":0,"4":0,"5":0,"6":0,"7":0,"8":0,"9":0,"10":0,"11":0,"12":0,"13":0,"14":0,"15":0,"16":0,"17":0,"18":0,"19":0,"20":0,"21":0,"22":0,"23":0,"24":0,"25":0,"26":0,"27":0,"28":0,"29":0,"30":0,"31":0,"32":0,"33":0,"34":0,"35":0,"36":0,"37":0,"38":0,"39":0,"40":0,"41":0,"42":0,"43":0,"44":0,"45":0,"46":0,"47":0,"48":0,"49":0,"50":0,"51":0,"52":0,"53":0,"54":0,"55":0,"56":0,"57":0,"58":0,"59":0,"60":0,"61":0,"62":0,"63":0,"64":0,"65":0,"66":0,"67":0,"68":0,"69":0,"70":0,"71":0,"72":0,"73":0,"74":0,"75":0},"f":{"0":0,"1":0,"2":0,"3":0,"4":0,"5":0,"6":0,"7":0,"8":0,"9":0,"10":0,"11":0,"12":0,"13":0,"14":0,"15":0,"16":0,"17":0},"b":{"0":[0,0],"1":[0,0],"2":[0,0],"3":[0,0],"4":[0,0],"5":[0,0],"6":[0,0],"7":[0,0],"8":[0,0],"9":[0,0],"10":[0,0],"11":[0,0],"12":[0,0]}}
,"/home/amr/Task-Manger-App/frontend/src/index.js": {"path":"/home/amr/Task-Manger-App/frontend/src/index.js","statementMap":{"0":{"start":{"line":7,"column":14},"end":{"line":17,"column":2}},"1":{"start":{"line":19,"column":13},"end":{"line":19,"column":65}},"2":{"start":{"line":20,"column":0},"end":{"line":27,"column":2}}},"fnMap":{},"branchMap":{},"s":{"0":0,"1":0,"2":0},"f":{},"b":{}}
}
